<?xml version="1.0" encoding="UTF-8"?>
<!-- Generated by org.testng.reporters.JUnitXMLReporter -->
<testsuite ignored="2" hostname="DESKTOP-2U1RROK" failures="0" tests="2" name="chromeTests" time="245.398" errors="0" timestamp="2026-03-09T18:59:29 IST">
  <testcase classname="demoproject.TC_002Practice" name="createnewLead1" time="99.887"/>
  <testcase classname="demoproject.TC_001Practice" name="createnewLead" time="77.327"/>
  <testcase classname="genericUtility.BaseClass" name="@AfterSuite asConfig" time="0.0">
    <ignored/>
  </testcase> <!-- @AfterSuite asConfig -->
  <testcase classname="genericUtility.BaseClass" name="@BeforeSuite bsConfig" time="0.0">
    <ignored/>
  </testcase> <!-- @BeforeSuite bsConfig -->
</testsuite> <!-- chromeTests -->
