<?xml version="1.0" encoding="UTF-8"?>
<!-- Generated by org.testng.reporters.JUnitReportReporter -->
<testsuite hostname="DESKTOP-2U1RROK" failures="0" tests="2" name="demoproject.TC_001Practice" time="56.466" errors="0" timestamp="2026-02-23T23:59:36 IST" skipped="0">
  <testcase classname="demoproject.TC_001Practice" name="createnewLead" time="33.349"/>
  <testcase classname="demoproject.TC_001Practice" name="createnewLead" time="23.117"/>
</testsuite> <!-- demoproject.TC_001Practice -->
