<?xml version="1.0" encoding="UTF-8"?>
<!-- Generated by org.testng.reporters.JUnitReportReporter -->
<testsuite hostname="DESKTOP-2U1RROK" failures="0" tests="6" name="practice.TC_001Practice" time="235.257" errors="0" timestamp="2026-02-21T19:37:41 IST" skipped="0">
  <testcase classname="practice.TC_001Practice" name="createnewContact2" time="34.091"/>
  <testcase classname="practice.TC_001Practice" name="createnewContact" time="82.439"/>
  <testcase classname="practice.TC_001Practice" name="createnewLead1" time="21.690"/>
  <testcase classname="practice.TC_001Practice" name="createnewContact1" time="27.727"/>
  <testcase classname="practice.TC_001Practice" name="createnewLead2" time="42.753"/>
  <testcase classname="practice.TC_001Practice" name="createnewLead" time="26.557"/>
</testsuite> <!-- practice.TC_001Practice -->
