<?xml version="1.0" encoding="UTF-8"?>
<testng-results ignored="0" total="1" passed="1" failed="0" skipped="0">
  <reporter-output>
  </reporter-output>
  <suite started-at="2026-03-18T19:02:17 IST" name="Contact" finished-at="2026-03-18T19:04:09 IST" duration-ms="111644">
    <groups>
      <group name="smoke">
        <method signature="CreateTest.createnewLead()[pri:0, instance:demoproject.CreateTest@4f32a3ad]" name="createnewLead" class="demoproject.CreateTest"/>
      </group> <!-- smoke -->
    </groups>
    <test started-at="2026-03-18T19:02:17 IST" name="chromeTests" finished-at="2026-03-18T19:04:09 IST" duration-ms="111644">
      <class name="demoproject.CreateTest">
        <test-method is-config="true" signature="bsConfig()[pri:0, instance:demoproject.CreateTest@4f32a3ad]" started-at="2026-03-18T19:02:17 IST" name="bsConfig" finished-at="2026-03-18T19:02:17 IST" duration-ms="161" status="PASS">
          <reporter-output>
          </reporter-output>
        </test-method> <!-- bsConfig -->
        <test-method is-config="true" signature="bcConfig(java.lang.String)[pri:0, instance:demoproject.CreateTest@4f32a3ad]" started-at="2026-03-18T19:02:20 IST" name="bcConfig" finished-at="2026-03-18T19:02:47 IST" duration-ms="27730" status="PASS">
          <params>
            <param index="0">
              <value>
                <![CDATA[chrome]]>
              </value>
            </param>
          </params>
          <reporter-output>
          </reporter-output>
        </test-method> <!-- bcConfig -->
        <test-method is-config="true" signature="bmConfig()[pri:0, instance:demoproject.CreateTest@4f32a3ad]" started-at="2026-03-18T19:02:47 IST" name="bmConfig" finished-at="2026-03-18T19:03:09 IST" duration-ms="21987" status="PASS">
          <reporter-output>
          </reporter-output>
        </test-method> <!-- bmConfig -->
        <test-method signature="createnewLead()[pri:0, instance:demoproject.CreateTest@4f32a3ad]" started-at="2026-03-18T19:03:09 IST" name="createnewLead" finished-at="2026-03-18T19:04:05 IST" duration-ms="55697" status="PASS">
          <reporter-output>
          </reporter-output>
        </test-method> <!-- createnewLead -->
        <test-method is-config="true" signature="amConfig()[pri:0, instance:demoproject.CreateTest@4f32a3ad]" started-at="2026-03-18T19:04:05 IST" name="amConfig" finished-at="2026-03-18T19:04:08 IST" duration-ms="3444" status="PASS">
          <reporter-output>
          </reporter-output>
        </test-method> <!-- amConfig -->
        <test-method is-config="true" signature="acConfig()[pri:0, instance:demoproject.CreateTest@4f32a3ad]" started-at="2026-03-18T19:04:08 IST" name="acConfig" finished-at="2026-03-18T19:04:09 IST" duration-ms="357" status="PASS">
          <reporter-output>
          </reporter-output>
        </test-method> <!-- acConfig -->
        <test-method is-config="true" signature="asConfig()[pri:0, instance:demoproject.CreateTest@4f32a3ad]" started-at="2026-03-18T19:04:10 IST" name="asConfig" finished-at="2026-03-18T19:04:10 IST" duration-ms="2" status="PASS">
          <reporter-output>
          </reporter-output>
        </test-method> <!-- asConfig -->
      </class> <!-- demoproject.CreateTest -->
    </test> <!-- chromeTests -->
  </suite> <!-- Contact -->
</testng-results>
