<?xml version="1.0" encoding="UTF-8"?>
<testng-results ignored="0" total="1" passed="1" failed="0" skipped="0">
  <reporter-output>
  </reporter-output>
  <suite started-at="2026-03-17T15:52:19 IST" name="Default suite" finished-at="2026-03-17T15:53:09 IST" duration-ms="50389">
    <groups>
      <group name="smoke">
        <method signature="TC_005Practice.createnewContact1()[pri:0, instance:demoproject.TC_005Practice@6fa51cd4]" name="createnewContact1" class="demoproject.TC_005Practice"/>
      </group> <!-- smoke -->
    </groups>
    <test started-at="2026-03-17T15:52:19 IST" name="Default test" finished-at="2026-03-17T15:53:09 IST" duration-ms="50389">
      <class name="demoproject.TC_005Practice">
        <test-method is-config="true" signature="bsConfig()[pri:0, instance:demoproject.TC_005Practice@6fa51cd4]" started-at="2026-03-17T15:52:19 IST" name="bsConfig" finished-at="2026-03-17T15:52:19 IST" duration-ms="30" status="PASS">
          <reporter-output>
          </reporter-output>
        </test-method> <!-- bsConfig -->
        <test-method is-config="true" signature="bcConfig(java.lang.String)[pri:0, instance:demoproject.TC_005Practice@6fa51cd4]" started-at="2026-03-17T15:52:19 IST" name="bcConfig" finished-at="2026-03-17T15:52:39 IST" duration-ms="20277" status="PASS">
          <params>
            <param index="0">
              <value>
                <![CDATA[chrome]]>
              </value>
            </param>
          </params>
          <reporter-output>
          </reporter-output>
        </test-method> <!-- bcConfig -->
        <test-method is-config="true" signature="bmConfig()[pri:0, instance:demoproject.TC_005Practice@6fa51cd4]" started-at="2026-03-17T15:52:39 IST" name="bmConfig" finished-at="2026-03-17T15:52:44 IST" duration-ms="4764" status="PASS">
          <reporter-output>
          </reporter-output>
        </test-method> <!-- bmConfig -->
        <test-method signature="createnewContact1()[pri:0, instance:demoproject.TC_005Practice@6fa51cd4]" started-at="2026-03-17T15:52:44 IST" name="createnewContact1" finished-at="2026-03-17T15:53:06 IST" duration-ms="21667" status="PASS">
          <reporter-output>
          </reporter-output>
        </test-method> <!-- createnewContact1 -->
        <test-method is-config="true" signature="amConfig()[pri:0, instance:demoproject.TC_005Practice@6fa51cd4]" started-at="2026-03-17T15:53:06 IST" name="amConfig" finished-at="2026-03-17T15:53:09 IST" duration-ms="3028" status="PASS">
          <reporter-output>
          </reporter-output>
        </test-method> <!-- amConfig -->
        <test-method is-config="true" signature="acConfig()[pri:0, instance:demoproject.TC_005Practice@6fa51cd4]" started-at="2026-03-17T15:53:09 IST" name="acConfig" finished-at="2026-03-17T15:53:09 IST" duration-ms="514" status="PASS">
          <reporter-output>
          </reporter-output>
        </test-method> <!-- acConfig -->
        <test-method is-config="true" signature="asConfig()[pri:0, instance:demoproject.TC_005Practice@6fa51cd4]" started-at="2026-03-17T15:53:09 IST" name="asConfig" finished-at="2026-03-17T15:53:09 IST" duration-ms="0" status="PASS">
          <reporter-output>
          </reporter-output>
        </test-method> <!-- asConfig -->
      </class> <!-- demoproject.TC_005Practice -->
    </test> <!-- Default test -->
  </suite> <!-- Default suite -->
</testng-results>
