<?xml version="1.0" encoding="UTF-8"?>
<testng-results ignored="0" total="0" passed="0" failed="0" skipped="0">
  <reporter-output>
  </reporter-output>
  <suite started-at="2026-03-02T22:46:21 IST" name="HybridFrameworkSuite" finished-at="2026-03-02T22:46:21 IST" duration-ms="0">
    <groups>
      <group name="smoke">
        <method signature="TC_004Practice.createnewContact()[pri:0, instance:demoproject.TC_004Practice@564fabc8]" name="createnewContact" class="demoproject.TC_004Practice"/>
        <method signature="TC_005Practice.createnewContact1()[pri:0, instance:demoproject.TC_005Practice@8f4ea7c]" name="createnewContact1" class="demoproject.TC_005Practice"/>
        <method signature="TC_006Practice.createnewContact2()[pri:0, instance:demoproject.TC_006Practice@436813f3]" name="createnewContact2" class="demoproject.TC_006Practice"/>
      </group> <!-- smoke -->
    </groups>
  </suite> <!-- HybridFrameworkSuite -->
</testng-results>
